<?xml version="1.0" encoding="utf-8"?><testsuites><testsuite name="pytest" errors="0" failures="0" skipped="0" tests="7" time="1.822" timestamp="2025-03-27T01:09:47.385702+00:00" hostname="Daves-Mac-mini.fios-router.home"><testcase classname="tests.accounts.test_database" name="test_user_soft_delete" time="0.885" /><testcase classname="tests.accounts.test_database_cases.UserModelsTestCase" name="test_user_soft_delete" time="0.035" /><testcase classname="tests.pages.test_base_template" name="test_base_not_logged_in" time="0.181" /><testcase classname="tests.pages.test_base_template" name="test_base_logged_in" time="0.077" /><testcase classname="tests.pages.test_base_template" name="test_no_name_has_email" time="0.062" /><testcase classname="tests.pages.test_base_template_cases.BaseLayoutTestCase" name="test_base_layout_not_logged_in" time="0.055" /><testcase classname="tests.pages.test_base_template_cases.BaseLayoutTestCase" name="test_base_logged_in" time="0.134" /></testsuite></testsuites>