<?xml version="1.0" encoding="utf-8"?><testsuites><testsuite name="pytest" errors="0" failures="0" skipped="0" tests="7" time="2.597" timestamp="2025-03-06T18:35:58.727597+00:00" hostname="Daves-Mac-mini.fios-router.home"><testcase classname="tests.accounts.test_database" name="test_user_soft_delete" time="1.047" /><testcase classname="tests.accounts.test_database_cases.UserModelsTestCase" name="test_user_soft_delete" time="0.108" /><testcase classname="tests.pages.test_base_template" name="test_base_not_logged_in" time="0.467" /><testcase classname="tests.pages.test_base_template" name="test_base_logged_in" time="0.085" /><testcase classname="tests.pages.test_base_template" name="test_no_name_has_email" time="0.072" /><testcase classname="tests.pages.test_base_template_cases.BaseLayoutTestCase" name="test_base_layout_not_logged_in" time="0.059" /><testcase classname="tests.pages.test_base_template_cases.BaseLayoutTestCase" name="test_base_logged_in" time="0.367" /></testsuite></testsuites>