<?xml version="1.0" encoding="utf-8"?><testsuites><testsuite name="pytest" errors="0" failures="0" skipped="0" tests="7" time="1.971" timestamp="2025-03-05T18:43:53.378637+00:00" hostname="Daves-Mac-mini.fios-router.home"><testcase classname="tests.accounts.test_database" name="test_user_soft_delete" time="0.775" /><testcase classname="tests.accounts.test_database_cases.UserModelsTestCase" name="test_user_soft_delete" time="0.033" /><testcase classname="tests.pages.test_base_template" name="test_base_not_logged_in" time="0.423" /><testcase classname="tests.pages.test_base_template" name="test_base_logged_in" time="0.110" /><testcase classname="tests.pages.test_base_template" name="test_no_name_has_email" time="0.071" /><testcase classname="tests.pages.test_base_template_cases.BaseLayoutTestCase" name="test_base_layout_not_logged_in" time="0.059" /><testcase classname="tests.pages.test_base_template_cases.BaseLayoutTestCase" name="test_base_logged_in" time="0.117" /></testsuite></testsuites>